<?xml version="1.0" encoding="UTF-8"?>
<!-- Generated by org.testng.reporters.JUnitReportReporter -->
<testsuite hostname="usa0300vm3739" failures="0" tests="5" name="TESTNG_MKT.S_53_GoogleSearch_Using_DataProvider" time="21.686" errors="1" timestamp="2025-01-27T05:58:46 EST" skipped="0">
  <testcase classname="TESTNG_MKT.S_53_GoogleSearch_Using_DataProvider" name="googleSearch" time="5.776"/>
  <testcase classname="TESTNG_MKT.S_53_GoogleSearch_Using_DataProvider" name="googleSearch" time="5.402"/>
  <testcase classname="TESTNG_MKT.S_53_GoogleSearch_Using_DataProvider" name="googleSearch" time="4.981"/>
  <testcase classname="TESTNG_MKT.S_53_GoogleSearch_Using_DataProvider" name="googleSearch" time="5.314"/>
  <testcase classname="TESTNG_MKT.S_53_GoogleSearch_Using_DataProvider" name="googleLaunch" time="0.213">
    <error message="Method TESTNG_MKT.S_53_GoogleSearch_Using_DataProvider.googleLaunch() didn&#039;t finish within the time-out 200" type="org.testng.internal.thread.ThreadTimeoutException">
      <![CDATA[org.testng.internal.thread.ThreadTimeoutException: Method TESTNG_MKT.S_53_GoogleSearch_Using_DataProvider.googleLaunch() didn't finish within the time-out 200
at java.base@16.0.1/java.lang.ProcessImpl.waitForTimeoutInterruptibly(Native Method)
at java.base@16.0.1/java.lang.ProcessImpl.waitFor(ProcessImpl.java:583)
at app//org.openqa.selenium.os.ExternalProcess.waitFor(ExternalProcess.java:277)
at app//org.openqa.selenium.manager.SeleniumManager.runCommand(SeleniumManager.java:141)
at app//org.openqa.selenium.manager.SeleniumManager.getBinaryPaths(SeleniumManager.java:247)
at app//org.openqa.selenium.remote.service.DriverFinder.getBinaryPaths(DriverFinder.java:102)
at app//org.openqa.selenium.remote.service.DriverFinder.getDriverPath(DriverFinder.java:55)
at app//org.openqa.selenium.chrome.ChromeDriver.generateExecutor(ChromeDriver.java:99)
at app//org.openqa.selenium.chrome.ChromeDriver.<init>(ChromeDriver.java:88)
at app//org.openqa.selenium.chrome.ChromeDriver.<init>(ChromeDriver.java:83)
at app//org.openqa.selenium.chrome.ChromeDriver.<init>(ChromeDriver.java:51)
at app//TESTNG_MKT.S_53_GoogleSearch_Using_DataProvider.googleLaunch(S_53_GoogleSearch_Using_DataProvider.java:29)
at java.base@16.0.1/jdk.internal.reflect.NativeMethodAccessorImpl.invoke0(Native Method)
at java.base@16.0.1/jdk.internal.reflect.NativeMethodAccessorImpl.invoke(NativeMethodAccessorImpl.java:78)
at java.base@16.0.1/jdk.internal.reflect.DelegatingMethodAccessorImpl.invoke(DelegatingMethodAccessorImpl.java:43)
at java.base@16.0.1/java.lang.reflect.Method.invoke(Method.java:567)
at app//org.testng.internal.invokers.MethodInvocationHelper.invokeMethod(MethodInvocationHelper.java:139)
at app//org.testng.internal.invokers.InvokeMethodRunnable.runOne(InvokeMethodRunnable.java:47)
at app//org.testng.internal.invokers.InvokeMethodRunnable.call(InvokeMethodRunnable.java:76)
at app//org.testng.internal.invokers.InvokeMethodRunnable.call(InvokeMethodRunnable.java:11)
at java.base@16.0.1/java.util.concurrent.FutureTask.run(FutureTask.java:264)
at java.base@16.0.1/java.util.concurrent.ThreadPoolExecutor.runWorker(ThreadPoolExecutor.java:1130)
at java.base@16.0.1/java.util.concurrent.ThreadPoolExecutor$Worker.run(ThreadPoolExecutor.java:630)
at java.base@16.0.1/java.lang.Thread.run(Thread.java:831)
]]>
    </error>
  </testcase> <!-- googleLaunch -->
</testsuite> <!-- TESTNG_MKT.S_53_GoogleSearch_Using_DataProvider -->
